# JRE version: OpenJDK Runtime Environment (13.0+33) (build 13+33)
# Java VM: OpenJDK 64-Bit Server VM (13+33, mixed mode, sharing, tiered, compressed oops, g1 gc, windows-amd64)
Heap:
 garbage-first heap   total 103424K, used 61771K [0x0000000700c00000, 0x0000000800000000)
  region size 1024K, 31 young (31744K), 4 survivors (4096K)
 Metaspace       used 62352K, capacity 64240K, committed 64332K, reserved 1103872K
  class space    used 8307K, capacity 9042K, committed 9088K, reserved 1048576K
GC Heap History (20 events):
Event: 7.105 GC heap before
{Heap before GC invocations=12 (full 0):
 garbage-first heap   total 158720K, used 40179K [0x0000000700c00000, 0x0000000800000000)
  region size 1024K, 28 young (28672K), 7 survivors (7168K)
 Metaspace       used 34513K, capacity 35784K, committed 35840K, reserved 1079296K
  class space    used 4599K, capacity 5093K, committed 5120K, reserved 1048576K
}
Event: 7.112 GC heap after
{Heap after GC invocations=13 (full 0):
 garbage-first heap   total 158720K, used 20456K [0x0000000700c00000, 0x0000000800000000)
  region size 1024K, 7 young (7168K), 7 survivors (7168K)
 Metaspace       used 34513K, capacity 35784K, committed 35840K, reserved 1079296K
  class space    used 4599K, capacity 5093K, committed 5120K, reserved 1048576K
}
Event: 7.877 GC heap before
{Heap before GC invocations=14 (full 0):
 garbage-first heap   total 75776K, used 58344K [0x0000000700c00000, 0x0000000800000000)
  region size 1024K, 44 young (45056K), 7 survivors (7168K)
 Metaspace       used 40750K, capacity 42046K, committed 42188K, reserved 1085440K
  class space    used 5513K, capacity 6028K, committed 6144K, reserved 1048576K
}
Event: 7.888 GC heap after
{Heap after GC invocations=15 (full 0):
 garbage-first heap   total 91136K, used 22547K [0x0000000700c00000, 0x0000000800000000)
  region size 1024K, 4 young (4096K), 4 survivors (4096K)
 Metaspace       used 40750K, capacity 42046K, committed 42188K, reserved 1085440K
  class space    used 5513K, capacity 6028K, committed 6144K, reserved 1048576K
}
Event: 8.588 GC heap before
{Heap before GC invocations=16 (full 0):
 garbage-first heap   total 86016K, used 67603K [0x0000000700c00000, 0x0000000800000000)
  region size 1024K, 48 young (49152K), 4 survivors (4096K)
 Metaspace       used 44205K, capacity 45569K, committed 45900K, reserved 1089536K
  class space    used 5941K, capacity 6434K, committed 6528K, reserved 1048576K
}
Event: 8.595 GC heap after
{Heap after GC invocations=17 (full 0):
 garbage-first heap   total 86016K, used 25136K [0x0000000700c00000, 0x0000000800000000)
  region size 1024K, 5 young (5120K), 5 survivors (5120K)
 Metaspace       used 44205K, capacity 45569K, committed 45900K, reserved 1089536K
  class space    used 5941K, capacity 6434K, committed 6528K, reserved 1048576K
}
Event: 9.048 GC heap before
{Heap before GC invocations=17 (full 0):
 garbage-first heap   total 86016K, used 65072K [0x0000000700c00000, 0x0000000800000000)
  region size 1024K, 44 young (45056K), 5 survivors (5120K)
 Metaspace       used 46851K, capacity 48163K, committed 48332K, reserved 1091584K
  class space    used 6281K, capacity 6808K, committed 6912K, reserved 1048576K
}
Event: 9.053 GC heap after
{Heap after GC invocations=18 (full 0):
 garbage-first heap   total 86016K, used 25922K [0x0000000700c00000, 0x0000000800000000)
  region size 1024K, 4 young (4096K), 4 survivors (4096K)
 Metaspace       used 46851K, capacity 48163K, committed 48332K, reserved 1091584K
  class space    used 6281K, capacity 6808K, committed 6912K, reserved 1048576K
}
Event: 9.628 GC heap before
{Heap before GC invocations=18 (full 0):
 garbage-first heap   total 86016K, used 65858K [0x0000000700c00000, 0x0000000800000000)
  region size 1024K, 43 young (44032K), 4 survivors (4096K)
 Metaspace       used 50356K, capacity 51886K, committed 52172K, reserved 1093632K
  class space    used 6705K, capacity 7302K, committed 7424K, reserved 1048576K
}
Event: 9.633 GC heap after
{Heap after GC invocations=19 (full 0):
 garbage-first heap   total 86016K, used 27545K [0x0000000700c00000, 0x0000000800000000)
  region size 1024K, 5 young (5120K), 5 survivors (5120K)
 Metaspace       used 50356K, capacity 51886K, committed 52172K, reserved 1093632K
  class space    used 6705K, capacity 7302K, committed 7424K, reserved 1048576K
}
Event: 10.021 GC heap before
{Heap before GC invocations=19 (full 0):
 garbage-first heap   total 86016K, used 67481K [0x0000000700c00000, 0x0000000800000000)
  region size 1024K, 44 young (45056K), 5 survivors (5120K)
 Metaspace       used 50572K, capacity 52117K, committed 52428K, reserved 1093632K
  class space    used 6718K, capacity 7310K, committed 7424K, reserved 1048576K
}
Event: 10.028 GC heap after
{Heap after GC invocations=20 (full 0):
 garbage-first heap   total 86016K, used 29159K [0x0000000700c00000, 0x0000000800000000)
  region size 1024K, 5 young (5120K), 5 survivors (5120K)
 Metaspace       used 50572K, capacity 52117K, committed 52428K, reserved 1093632K
  class space    used 6718K, capacity 7310K, committed 7424K, reserved 1048576K
}
Event: 10.351 GC heap before
{Heap before GC invocations=20 (full 0):
 garbage-first heap   total 86016K, used 68071K [0x0000000700c00000, 0x0000000800000000)
  region size 1024K, 43 young (44032K), 5 survivors (5120K)
 Metaspace       used 51316K, capacity 52944K, committed 53196K, reserved 1095680K
  class space    used 6797K, capacity 7413K, committed 7424K, reserved 1048576K
}
Event: 10.359 GC heap after
{Heap after GC invocations=21 (full 0):
 garbage-first heap   total 86016K, used 31427K [0x0000000700c00000, 0x0000000800000000)
  region size 1024K, 4 young (4096K), 4 survivors (4096K)
 Metaspace       used 51316K, capacity 52944K, committed 53196K, reserved 1095680K
  class space    used 6797K, capacity 7413K, committed 7424K, reserved 1048576K
}
Event: 10.895 GC heap before
{Heap before GC invocations=21 (full 0):
 garbage-first heap   total 86016K, used 69315K [0x0000000700c00000, 0x0000000800000000)
  region size 1024K, 41 young (41984K), 4 survivors (4096K)
 Metaspace       used 54123K, capacity 55726K, committed 56012K, reserved 1097728K
  class space    used 7219K, capacity 7851K, committed 7936K, reserved 1048576K
}
Event: 10.900 GC heap after
{Heap after GC invocations=22 (full 0):
 garbage-first heap   total 86016K, used 32156K [0x0000000700c00000, 0x0000000800000000)
  region size 1024K, 3 young (3072K), 3 survivors (3072K)
 Metaspace       used 54123K, capacity 55726K, committed 56012K, reserved 1097728K
  class space    used 7219K, capacity 7851K, committed 7936K, reserved 1048576K
}
Event: 11.527 GC heap before
{Heap before GC invocations=22 (full 0):
 garbage-first heap   total 86016K, used 69020K [0x0000000700c00000, 0x0000000800000000)
  region size 1024K, 39 young (39936K), 3 survivors (3072K)
 Metaspace       used 56851K, capacity 58643K, committed 58700K, reserved 1099776K
  class space    used 7604K, capacity 8291K, committed 8320K, reserved 1048576K
}
Event: 11.533 GC heap after
{Heap after GC invocations=23 (full 0):
 garbage-first heap   total 86016K, used 34100K [0x0000000700c00000, 0x0000000800000000)
  region size 1024K, 5 young (5120K), 5 survivors (5120K)
 Metaspace       used 56851K, capacity 58643K, committed 58700K, reserved 1099776K
  class space    used 7604K, capacity 8291K, committed 8320K, reserved 1048576K
}
Event: 179.241 GC heap before
{Heap before GC invocations=23 (full 0):
 garbage-first heap   total 86016K, used 68916K [0x0000000700c00000, 0x0000000800000000)
  region size 1024K, 39 young (39936K), 5 survivors (5120K)
 Metaspace       used 59380K, capacity 61280K, committed 61388K, reserved 1101824K
  class space    used 7930K, capacity 8653K, committed 8704K, reserved 1048576K
}
Event: 179.250 GC heap after
{Heap after GC invocations=24 (full 0):
 garbage-first heap   total 103424K, used 35147K [0x0000000700c00000, 0x0000000800000000)
  region size 1024K, 4 young (4096K), 4 survivors (4096K)
 Metaspace       used 59380K, capacity 61280K, committed 61388K, reserved 1101824K
  class space    used 7930K, capacity 8653K, committed 8704K, reserved 1048576K
}

