# JRE version: Java(TM) SE Runtime Environment (17.0.1+12) (build 17.0.1+12-LTS-39)
# Java VM: Java HotSpot(TM) 64-Bit Server VM (17.0.1+12-LTS-39, mixed mode, emulated-client, sharing, tiered, compressed oops, compressed class ptrs, g1 gc, windows-amd64)
GC Precious Log:
 CPUs: 8 total, 8 available
 Memory: 15791M
 Large Page Support: Disabled
 NUMA Support: Disabled
 Compressed Oops: Enabled (Zero based)
 Heap Region Size: 2M
 Heap Min Capacity: 8M
 Heap Initial Capacity: 248M
 Heap Max Capacity: 3948M
 Pre-touch: Disabled
 Parallel Workers: 8
 Concurrent Workers: 2
 Concurrent Refinement Workers: 8
 Periodic GC: Disabled
Heap:
 garbage-first heap   total 131072K, used 35467K [0x0000000709400000, 0x0000000800000000)
  region size 2048K, 6 young (12288K), 5 survivors (10240K)
 Metaspace       used 60022K, committed 60480K, reserved 1105920K
  class space    used 8151K, committed 8384K, reserved 1048576K
GC Heap History (20 events):
Event: 2.983 GC heap before
{Heap before GC invocations=10 (full 0):
 garbage-first heap   total 55296K, used 37088K [0x0000000709400000, 0x0000000800000000)
  region size 2048K, 11 young (22528K), 1 survivors (2048K)
 Metaspace       used 31575K, committed 31936K, reserved 1081344K
  class space    used 4273K, committed 4416K, reserved 1048576K
}
Event: 2.983 GC heap after
{Heap after GC invocations=11 (full 0):
 garbage-first heap   total 155648K, used 18265K [0x0000000709400000, 0x0000000800000000)
  region size 2048K, 1 young (2048K), 1 survivors (2048K)
 Metaspace       used 31575K, committed 31936K, reserved 1081344K
  class space    used 4273K, committed 4416K, reserved 1048576K
}
Event: 3.549 GC heap before
{Heap before GC invocations=11 (full 0):
 garbage-first heap   total 155648K, used 85849K [0x0000000709400000, 0x0000000800000000)
  region size 2048K, 36 young (73728K), 1 survivors (2048K)
 Metaspace       used 35746K, committed 36096K, reserved 1081344K
  class space    used 4878K, committed 5056K, reserved 1048576K
}
Event: 3.552 GC heap after
{Heap after GC invocations=12 (full 0):
 garbage-first heap   total 155648K, used 19472K [0x0000000709400000, 0x0000000800000000)
  region size 2048K, 1 young (2048K), 1 survivors (2048K)
 Metaspace       used 35746K, committed 36096K, reserved 1081344K
  class space    used 4878K, committed 5056K, reserved 1048576K
}
Event: 4.216 GC heap before
{Heap before GC invocations=13 (full 0):
 garbage-first heap   total 75776K, used 62480K [0x0000000709400000, 0x0000000800000000)
  region size 2048K, 22 young (45056K), 1 survivors (2048K)
 Metaspace       used 42629K, committed 43072K, reserved 1089536K
  class space    used 5801K, committed 6016K, reserved 1048576K
}
Event: 4.220 GC heap after
{Heap after GC invocations=14 (full 0):
 garbage-first heap   total 75776K, used 23699K [0x0000000709400000, 0x0000000800000000)
  region size 2048K, 3 young (6144K), 3 survivors (6144K)
 Metaspace       used 42629K, committed 43072K, reserved 1089536K
  class space    used 5801K, committed 6016K, reserved 1048576K
}
Event: 4.225 GC heap before
{Heap before GC invocations=14 (full 0):
 garbage-first heap   total 75776K, used 25747K [0x0000000709400000, 0x0000000800000000)
  region size 2048K, 4 young (8192K), 3 survivors (6144K)
 Metaspace       used 42629K, committed 43072K, reserved 1089536K
  class space    used 5801K, committed 6016K, reserved 1048576K
}
Event: 4.229 GC heap after
{Heap after GC invocations=15 (full 0):
 garbage-first heap   total 75776K, used 23637K [0x0000000709400000, 0x0000000800000000)
  region size 2048K, 1 young (2048K), 1 survivors (2048K)
 Metaspace       used 42629K, committed 43072K, reserved 1089536K
  class space    used 5801K, committed 6016K, reserved 1048576K
}
Event: 4.372 GC heap before
{Heap before GC invocations=15 (full 0):
 garbage-first heap   total 75776K, used 56405K [0x0000000709400000, 0x0000000800000000)
  region size 2048K, 17 young (34816K), 1 survivors (2048K)
 Metaspace       used 44453K, committed 44800K, reserved 1089536K
  class space    used 6042K, committed 6208K, reserved 1048576K
}
Event: 4.374 GC heap after
{Heap after GC invocations=16 (full 0):
 garbage-first heap   total 75776K, used 24074K [0x0000000709400000, 0x0000000800000000)
  region size 2048K, 1 young (2048K), 1 survivors (2048K)
 Metaspace       used 44453K, committed 44800K, reserved 1089536K
  class space    used 6042K, committed 6208K, reserved 1048576K
}
Event: 4.927 GC heap before
{Heap before GC invocations=16 (full 0):
 garbage-first heap   total 75776K, used 56842K [0x0000000709400000, 0x0000000800000000)
  region size 2048K, 17 young (34816K), 1 survivors (2048K)
 Metaspace       used 48497K, committed 48896K, reserved 1097728K
  class space    used 6550K, committed 6720K, reserved 1048576K
}
Event: 4.930 GC heap after
{Heap after GC invocations=17 (full 0):
 garbage-first heap   total 75776K, used 26002K [0x0000000709400000, 0x0000000800000000)
  region size 2048K, 2 young (4096K), 2 survivors (4096K)
 Metaspace       used 48497K, committed 48896K, reserved 1097728K
  class space    used 6550K, committed 6720K, reserved 1048576K
}
Event: 5.065 GC heap before
{Heap before GC invocations=17 (full 0):
 garbage-first heap   total 75776K, used 56722K [0x0000000709400000, 0x0000000800000000)
  region size 2048K, 17 young (34816K), 2 survivors (4096K)
 Metaspace       used 48668K, committed 49088K, reserved 1097728K
  class space    used 6564K, committed 6720K, reserved 1048576K
}
Event: 5.067 GC heap after
{Heap after GC invocations=18 (full 0):
 garbage-first heap   total 75776K, used 27148K [0x0000000709400000, 0x0000000800000000)
  region size 2048K, 3 young (6144K), 3 survivors (6144K)
 Metaspace       used 48668K, committed 49088K, reserved 1097728K
  class space    used 6564K, committed 6720K, reserved 1048576K
}
Event: 5.180 GC heap before
{Heap before GC invocations=18 (full 0):
 garbage-first heap   total 75776K, used 57868K [0x0000000709400000, 0x0000000800000000)
  region size 2048K, 18 young (36864K), 3 survivors (6144K)
 Metaspace       used 48777K, committed 49216K, reserved 1097728K
  class space    used 6572K, committed 6784K, reserved 1048576K
}
Event: 5.183 GC heap after
{Heap after GC invocations=19 (full 0):
 garbage-first heap   total 75776K, used 28529K [0x0000000709400000, 0x0000000800000000)
  region size 2048K, 2 young (4096K), 2 survivors (4096K)
 Metaspace       used 48777K, committed 49216K, reserved 1097728K
  class space    used 6572K, committed 6784K, reserved 1048576K
}
Event: 5.513 GC heap before
{Heap before GC invocations=19 (full 0):
 garbage-first heap   total 75776K, used 59249K [0x0000000709400000, 0x0000000800000000)
  region size 2048K, 17 young (34816K), 2 survivors (4096K)
 Metaspace       used 51054K, committed 51456K, reserved 1097728K
  class space    used 6928K, committed 7104K, reserved 1048576K
}
Event: 5.516 GC heap after
{Heap after GC invocations=20 (full 0):
 garbage-first heap   total 151552K, used 30002K [0x0000000709400000, 0x0000000800000000)
  region size 2048K, 2 young (4096K), 2 survivors (4096K)
 Metaspace       used 51054K, committed 51456K, reserved 1097728K
  class space    used 6928K, committed 7104K, reserved 1048576K
}
Event: 13.251 GC heap before
{Heap before GC invocations=20 (full 0):
 garbage-first heap   total 151552K, used 91442K [0x0000000709400000, 0x0000000800000000)
  region size 2048K, 33 young (67584K), 2 survivors (4096K)
 Metaspace       used 59835K, committed 60288K, reserved 1105920K
  class space    used 8128K, committed 8384K, reserved 1048576K
}
Event: 13.257 GC heap after
{Heap after GC invocations=21 (full 0):
 garbage-first heap   total 151552K, used 35467K [0x0000000709400000, 0x0000000800000000)
  region size 2048K, 5 young (10240K), 5 survivors (10240K)
 Metaspace       used 59835K, committed 60288K, reserved 1105920K
  class space    used 8128K, committed 8384K, reserved 1048576K
}

